2020-06-08 03:03:14,029 INFO  [log]  All the Numbers are Equal 
2020-06-08 03:03:14,089 INFO  [log]  All the Numbers are Equal 
2020-06-08 03:03:15,947 INFO  [log]  The Test Case Passed
2020-06-08 03:03:15,955 INFO  [log] 2
2020-06-08 03:03:16,106 INFO  [log] Welcome to API
2020-06-08 03:03:17,030 INFO  [log] from Nitin Pachauri (privately):
2020-06-08 03:03:17,030 INFO  [log] karde band koi nahi araha
2020-06-08 03:03:17,031 INFO  [log] from Sneha Tomer to everyone:
2020-06-08 03:03:17,034 INFO  [log] hi 
2020-06-08 03:03:17,035 INFO  [log] from Neha Mishra to everyone:
2020-06-08 03:03:17,035 INFO  [log] Hello
2020-06-08 03:03:17,036 INFO  [log] from Sneha Tomer to everyone:
2020-06-08 03:03:17,036 INFO  [log] Shopping services WSDL
2020-06-08 03:03:17,037 INFO  [log] 1) Login service --> UN and PWD --> SessionId
2020-06-08 03:03:17,038 INFO  [log]     2) Find service --> Sessionid and product --> Product and cost
2020-06-08 03:03:17,038 INFO  [log]     3) Purchase service --> Sessionid and product --> buy the product
2020-06-08 03:03:17,039 INFO  [log]     4) Logout service --> SessionId --> Logout successful
2020-06-08 03:03:17,041 INFO  [log] 
2020-06-08 03:03:17,044 INFO  [log] from Sneha Tomer to everyone:
2020-06-08 03:03:17,045 INFO  [log] AN-2020"]
2020-06-08 03:03:17,045 INFO  [log] itemList["iPad v2"] = [id:3, desc: "iPad v2", price: "800 GBP"  ,stockStatus: "10", expectedDelivery: "30-MAR-2020"]
2020-06-08 03:03:17,046 INFO  [log] itemList["iPhone XS"] = [id:4, desc: "iPhone XS", price: "980 GBP"  ,stockStatus: "60", expectedDelivery: "3-MAR-2020"]
2020-06-08 03:03:17,047 INFO  [log] itemList["MacBook Pro"] = [id:5, desc: "MacBook Pro", price: "450 GBP"  ,stockStatus: "34", expectedDelivery: "23-MAR-2020"]
2020-06-08 03:03:17,048 INFO  [log] itemList["Samsung S10"] = [id:6, desc: "Samsung S10", price: "340 GBP"  ,stockStatus: "19", expectedDelivery: "12-MAR-2020"]
2020-06-08 03:03:17,052 INFO  [log] itemList["Vivo V17"] = [id:7, desc: "Vivo V17", price: "765 GBP"  ,stockStatus: "45", expectedDelivery: "16-MAR-2020"]
2020-06-08 03:03:17,057 INFO  [log] itemList["RealMe"] = [id:8, desc: "RealMe", price: "342 GBP"  ,stockStatus: "94", expectedDelivery: "2-JAN-2020"]
2020-06-08 03:03:17,059 INFO  [log] itemList["Redmi Note8"] = [id:9, desc: "Redmi Note8", price: "123 GBP"  ,stockStatus: "159", expectedDelivery: "1-APR-2020"]
2020-06-08 03:03:17,060 INFO  [log] itemList["Redmi note 7 Pro"] = [id:10, desc: "Redmi note 7 Pro", price: "390 GBP"  ,stockStatus: "10", expectedDelivery: "12-FEB-2020"]
2020-06-08 03:07:28,454 INFO  [log]  All the Numbers are Equal 
2020-06-08 03:07:28,522 INFO  [log]  All the Numbers are Equal 
2020-06-08 03:07:30,527 INFO  [log]  The Test Case Passed
2020-06-08 03:07:30,582 INFO  [log] 2
2020-06-08 03:07:30,855 INFO  [log] Welcome to API
2020-06-08 03:07:32,501 INFO  [log] from Nitin Pachauri (privately):
2020-06-08 03:07:32,502 INFO  [log] karde band koi nahi araha
2020-06-08 03:07:32,505 INFO  [log] from Sneha Tomer to everyone:
2020-06-08 03:07:32,509 INFO  [log] hi 
2020-06-08 03:07:32,510 INFO  [log] from Neha Mishra to everyone:
2020-06-08 03:07:32,511 INFO  [log] Hello
2020-06-08 03:07:32,512 INFO  [log] from Sneha Tomer to everyone:
2020-06-08 03:07:32,515 INFO  [log] Shopping services WSDL
2020-06-08 03:07:32,516 INFO  [log] 1) Login service --> UN and PWD --> SessionId
2020-06-08 03:07:32,519 INFO  [log]     2) Find service --> Sessionid and product --> Product and cost
2020-06-08 03:07:32,520 INFO  [log]     3) Purchase service --> Sessionid and product --> buy the product
2020-06-08 03:07:32,521 INFO  [log]     4) Logout service --> SessionId --> Logout successful
2020-06-08 03:07:32,522 INFO  [log] 
2020-06-08 03:07:32,523 INFO  [log] from Sneha Tomer to everyone:
2020-06-08 03:07:32,529 INFO  [log] AN-2020"]
2020-06-08 03:07:32,531 INFO  [log] itemList["iPad v2"] = [id:3, desc: "iPad v2", price: "800 GBP"  ,stockStatus: "10", expectedDelivery: "30-MAR-2020"]
2020-06-08 03:07:32,534 INFO  [log] itemList["iPhone XS"] = [id:4, desc: "iPhone XS", price: "980 GBP"  ,stockStatus: "60", expectedDelivery: "3-MAR-2020"]
2020-06-08 03:07:32,536 INFO  [log] itemList["MacBook Pro"] = [id:5, desc: "MacBook Pro", price: "450 GBP"  ,stockStatus: "34", expectedDelivery: "23-MAR-2020"]
2020-06-08 03:07:32,541 INFO  [log] itemList["Samsung S10"] = [id:6, desc: "Samsung S10", price: "340 GBP"  ,stockStatus: "19", expectedDelivery: "12-MAR-2020"]
2020-06-08 03:07:32,546 INFO  [log] itemList["Vivo V17"] = [id:7, desc: "Vivo V17", price: "765 GBP"  ,stockStatus: "45", expectedDelivery: "16-MAR-2020"]
2020-06-08 03:07:32,549 INFO  [log] itemList["RealMe"] = [id:8, desc: "RealMe", price: "342 GBP"  ,stockStatus: "94", expectedDelivery: "2-JAN-2020"]
2020-06-08 03:07:32,554 INFO  [log] itemList["Redmi Note8"] = [id:9, desc: "Redmi Note8", price: "123 GBP"  ,stockStatus: "159", expectedDelivery: "1-APR-2020"]
2020-06-08 03:07:32,558 INFO  [log] itemList["Redmi note 7 Pro"] = [id:10, desc: "Redmi note 7 Pro", price: "390 GBP"  ,stockStatus: "10", expectedDelivery: "12-FEB-2020"]
2020-06-08 03:10:28,894 INFO  [log] 3
2020-06-08 03:10:31,393 INFO  [log]  Response Code is 401
2020-06-08 03:10:31,432 INFO  [log] Something is Wrong
2020-06-08 03:10:31,433 INFO  [log] 4
2020-06-08 03:10:32,249 INFO  [log]  Response Code is 401
2020-06-08 03:10:32,250 INFO  [log] Something is Wrong
2020-06-08 03:10:32,259 INFO  [log] 5
2020-06-08 03:10:32,864 INFO  [log]  Response Code is 401
2020-06-08 03:10:32,865 INFO  [log] Something is Wrong
2020-06-08 03:10:32,871 INFO  [log] 6
2020-06-08 03:10:33,683 INFO  [log]  Response Code is 401
2020-06-08 03:10:33,684 INFO  [log] Something is Wrong
2020-06-08 03:21:00,502 INFO  [log]      !!!!!..........The Project Starts From Here..........!!!!!     
2020-06-08 03:21:16,870 INFO  [log] SKU00120
2020-06-08 03:21:16,871 INFO  [log] Bat
2020-06-08 03:21:18,460 INFO  [log] SKU00121
2020-06-08 03:21:18,460 INFO  [log] Ball
2020-06-08 03:21:19,588 INFO  [log] SKU00123
2020-06-08 03:21:19,589 INFO  [log] IPhone 10
2020-06-08 03:21:20,821 INFO  [log] SKU00124
2020-06-08 03:21:20,822 INFO  [log] Galaxy X
2020-06-08 03:21:22,050 INFO  [log] SKU00125
2020-06-08 03:21:22,051 INFO  [log] Galaxy Pro
2020-06-08 03:21:23,163 INFO  [log] SKU00126
2020-06-08 03:21:23,164 INFO  [log] Books
2020-06-08 03:21:27,028 INFO  [log] SKU00120
2020-06-08 03:21:27,029 INFO  [log] Bat
2020-06-08 03:21:27,032 INFO  [log] SKU00121
2020-06-08 03:21:27,034 INFO  [log] Ball
2020-06-08 03:21:27,036 INFO  [log] SKU00123
2020-06-08 03:21:27,036 INFO  [log] IPhone 10
2020-06-08 03:21:27,039 INFO  [log] SKU00124
2020-06-08 03:21:27,039 INFO  [log] Galaxy X
2020-06-08 03:21:27,042 INFO  [log] SKU00125
2020-06-08 03:21:27,042 INFO  [log] Galaxy Pro
2020-06-08 03:21:27,046 INFO  [log] SKU00126
2020-06-08 03:21:27,046 INFO  [log] Books
2020-06-08 03:21:32,678 INFO  [log] Samir${=String.valueOf(Math.random()*1000).substring(0,5)}@gmail.com
2020-06-08 03:21:32,681 INFO  [log] SKU${=String.valueOf(Math.random()*1000).substring(0,5)}
2020-06-08 03:21:34,171 INFO  [log] The totoal number of rows which contains data are 1
2020-06-08 03:21:34,171 INFO  [log] The totoal number of Column which contains data are 3
2020-06-08 03:21:34,174 INFO  [log] Samir${=String.valueOf(Math.random()*1000).substring(0,5)}@gmail.com
2020-06-08 03:21:34,177 INFO  [log] SKU${=String.valueOf(Math.random()*1000).substring(0,5)}
2020-06-08 03:21:35,396 INFO  [log] The totoal number of rows which contains data are 1
2020-06-08 03:21:35,396 INFO  [log] The totoal number of Column which contains data are 3
2020-06-08 03:21:35,399 INFO  [log] Samir${=String.valueOf(Math.random()*1000).substring(0,5)}@gmail.com
2020-06-08 03:21:35,402 INFO  [log] SKU${=String.valueOf(Math.random()*1000).substring(0,5)}
2020-06-08 03:21:57,568 INFO  [log] Samir${=String.valueOf(Math.random()*1000).substring(0,5)}@gmail.com
2020-06-08 03:21:57,568 INFO  [log] SKU${=String.valueOf(Math.random()*1000).substring(0,5)}
2020-06-08 03:21:59,421 INFO  [log] The totoal number of rows which contains data are 1
2020-06-08 03:21:59,421 INFO  [log] The totoal number of Column which contains data are 3
2020-06-08 03:21:59,424 INFO  [log] Samir${=String.valueOf(Math.random()*1000).substring(0,5)}@gmail.com
2020-06-08 03:21:59,426 INFO  [log] SKU${=String.valueOf(Math.random()*1000).substring(0,5)}
2020-06-08 03:22:00,805 INFO  [log] The totoal number of rows which contains data are 1
2020-06-08 03:22:00,807 INFO  [log] The totoal number of Column which contains data are 3
2020-06-08 03:22:00,809 INFO  [log] Samir${=String.valueOf(Math.random()*1000).substring(0,5)}@gmail.com
2020-06-08 03:22:00,813 INFO  [log] SKU${=String.valueOf(Math.random()*1000).substring(0,5)}
2020-06-08 03:22:02,021 INFO  [log]      !!!!!..........The Project Ends Here..........!!!!!     
