2020-06-08 03:20:46,441 WARN  [SoapUI] Missing folder [C:\Users\SamirVashista\Desktop\Project\my-app\ext] for external libraries
2020-06-08 03:20:47,020 INFO  [DefaultSoapUICore] initialized soapui-settings from [C:\Users\SamirVashista\soapui-settings.xml]
2020-06-08 03:20:53,146 INFO  [PluginManager] Adding plugin from [C:\Users\SamirVashista\.soapuios\plugins\ready-mqtt-plugin-dist.jar]
2020-06-08 03:20:53,149 INFO  [PluginManager] Adding plugin from [C:\Users\SamirVashista\.soapuios\plugins\soapui-swagger-plugin-2.2-dist.jar]
2020-06-08 03:20:54,609 ERROR [SoapUI] An error occurred [com.eviware.soapui.plugins.auto.factories.AutoImportMethodFactory], see error log for details
2020-06-08 03:20:54,610 ERROR [errorlog] java.lang.ClassNotFoundException: com.eviware.soapui.plugins.auto.factories.AutoImportMethodFactory
java.lang.ClassNotFoundException: com.eviware.soapui.plugins.auto.factories.AutoImportMethodFactory
	at org.codehaus.plexus.classworlds.strategy.SelfFirstStrategy.loadClass(SelfFirstStrategy.java:50)
	at org.codehaus.plexus.classworlds.realm.ClassRealm.unsynchronizedLoadClass(ClassRealm.java:271)
	at org.codehaus.plexus.classworlds.realm.ClassRealm.loadClass(ClassRealm.java:247)
	at org.codehaus.plexus.classworlds.realm.ClassRealm.loadClass(ClassRealm.java:239)
	at java.lang.Class.forName0(Native Method)
	at java.lang.Class.forName(Class.java:264)
	at com.eviware.soapui.plugins.LoaderBase.loadAutoFactories(LoaderBase.java:113)
	at com.eviware.soapui.plugins.LoaderBase.loadFactories(LoaderBase.java:80)
	at com.eviware.soapui.plugins.PluginLoader.loadPluginFactories(PluginLoader.java:141)
	at com.eviware.soapui.plugins.PluginLoader.loadPlugin(PluginLoader.java:104)
	at com.eviware.soapui.plugins.PluginLoader.loadPlugin(PluginLoader.java:54)
	at com.eviware.soapui.plugins.PluginManager.doInstallPlugin(PluginManager.java:141)
	at com.eviware.soapui.plugins.PluginManager.access$600(PluginManager.java:43)
	at com.eviware.soapui.plugins.PluginManager$LoadPluginsTask.computeSequentially(PluginManager.java:420)
	at com.eviware.soapui.plugins.PluginManager$LoadPluginsTask.compute(PluginManager.java:377)
	at com.eviware.soapui.plugins.PluginManager$LoadPluginsTask.compute(PluginManager.java:382)
	at com.eviware.soapui.plugins.PluginManager$LoadPluginsTask.compute(PluginManager.java:365)
	at java.util.concurrent.RecursiveTask.exec(RecursiveTask.java:94)
	at java.util.concurrent.ForkJoinTask.doExec(ForkJoinTask.java:289)
	at java.util.concurrent.ForkJoinPool$WorkQueue.runTask(ForkJoinPool.java:1056)
	at java.util.concurrent.ForkJoinPool.runWorker(ForkJoinPool.java:1692)
	at java.util.concurrent.ForkJoinWorkerThread.run(ForkJoinWorkerThread.java:157)
2020-06-08 03:20:54,746 ERROR [SoapUI] An error occurred [com.eviware.soapui.plugins.auto.factories.AutoDiscoveryMethodFactory], see error log for details
2020-06-08 03:20:54,750 ERROR [errorlog] java.lang.ClassNotFoundException: com.eviware.soapui.plugins.auto.factories.AutoDiscoveryMethodFactory
java.lang.ClassNotFoundException: com.eviware.soapui.plugins.auto.factories.AutoDiscoveryMethodFactory
	at org.codehaus.plexus.classworlds.strategy.SelfFirstStrategy.loadClass(SelfFirstStrategy.java:50)
	at org.codehaus.plexus.classworlds.realm.ClassRealm.unsynchronizedLoadClass(ClassRealm.java:271)
	at org.codehaus.plexus.classworlds.realm.ClassRealm.loadClass(ClassRealm.java:247)
	at org.codehaus.plexus.classworlds.realm.ClassRealm.loadClass(ClassRealm.java:239)
	at java.lang.Class.forName0(Native Method)
	at java.lang.Class.forName(Class.java:264)
	at com.eviware.soapui.plugins.LoaderBase.loadAutoFactories(LoaderBase.java:113)
	at com.eviware.soapui.plugins.LoaderBase.loadFactories(LoaderBase.java:80)
	at com.eviware.soapui.plugins.PluginLoader.loadPluginFactories(PluginLoader.java:141)
	at com.eviware.soapui.plugins.PluginLoader.loadPlugin(PluginLoader.java:104)
	at com.eviware.soapui.plugins.PluginLoader.loadPlugin(PluginLoader.java:54)
	at com.eviware.soapui.plugins.PluginManager.doInstallPlugin(PluginManager.java:141)
	at com.eviware.soapui.plugins.PluginManager.access$600(PluginManager.java:43)
	at com.eviware.soapui.plugins.PluginManager$LoadPluginsTask.computeSequentially(PluginManager.java:420)
	at com.eviware.soapui.plugins.PluginManager$LoadPluginsTask.compute(PluginManager.java:377)
	at com.eviware.soapui.plugins.PluginManager$LoadPluginsTask.compute(PluginManager.java:382)
	at com.eviware.soapui.plugins.PluginManager$LoadPluginsTask.compute(PluginManager.java:365)
	at java.util.concurrent.RecursiveTask.exec(RecursiveTask.java:94)
	at java.util.concurrent.ForkJoinTask.doExec(ForkJoinTask.java:289)
	at java.util.concurrent.ForkJoinPool$WorkQueue.runTask(ForkJoinPool.java:1056)
	at java.util.concurrent.ForkJoinPool.runWorker(ForkJoinPool.java:1692)
	at java.util.concurrent.ForkJoinWorkerThread.run(ForkJoinWorkerThread.java:157)
2020-06-08 03:20:54,882 INFO  [PluginManager] Adding plugin from [C:\Users\SamirVashista\.soapuios\plugins\ready-uxm-plugin-1.0.1-dist.jar]
2020-06-08 03:20:54,895 ERROR [SoapUI] An error occurred [com.eviware.soapui.plugins.auto.factories.AutoImportMethodFactory], see error log for details
2020-06-08 03:20:54,897 ERROR [errorlog] java.lang.ClassNotFoundException: com.eviware.soapui.plugins.auto.factories.AutoImportMethodFactory
java.lang.ClassNotFoundException: com.eviware.soapui.plugins.auto.factories.AutoImportMethodFactory
	at org.codehaus.plexus.classworlds.strategy.SelfFirstStrategy.loadClass(SelfFirstStrategy.java:50)
	at org.codehaus.plexus.classworlds.realm.ClassRealm.unsynchronizedLoadClass(ClassRealm.java:271)
	at org.codehaus.plexus.classworlds.realm.ClassRealm.loadClass(ClassRealm.java:247)
	at org.codehaus.plexus.classworlds.realm.ClassRealm.loadClass(ClassRealm.java:239)
	at java.lang.Class.forName0(Native Method)
	at java.lang.Class.forName(Class.java:264)
	at com.eviware.soapui.plugins.LoaderBase.loadAutoFactories(LoaderBase.java:113)
	at com.eviware.soapui.plugins.LoaderBase.loadFactories(LoaderBase.java:80)
	at com.eviware.soapui.plugins.PluginLoader.loadPluginFactories(PluginLoader.java:141)
	at com.eviware.soapui.plugins.PluginLoader.loadPlugin(PluginLoader.java:104)
	at com.eviware.soapui.plugins.PluginLoader.loadPlugin(PluginLoader.java:54)
	at com.eviware.soapui.plugins.PluginManager.doInstallPlugin(PluginManager.java:141)
	at com.eviware.soapui.plugins.PluginManager.access$600(PluginManager.java:43)
	at com.eviware.soapui.plugins.PluginManager$LoadPluginsTask.computeSequentially(PluginManager.java:420)
	at com.eviware.soapui.plugins.PluginManager$LoadPluginsTask.compute(PluginManager.java:377)
	at com.eviware.soapui.plugins.PluginManager$LoadPluginsTask.compute(PluginManager.java:365)
	at java.util.concurrent.RecursiveTask.exec(RecursiveTask.java:94)
	at java.util.concurrent.ForkJoinTask.doExec(ForkJoinTask.java:289)
	at java.util.concurrent.ForkJoinPool$WorkQueue.runTask(ForkJoinPool.java:1056)
	at java.util.concurrent.ForkJoinPool.runWorker(ForkJoinPool.java:1692)
	at java.util.concurrent.ForkJoinWorkerThread.run(ForkJoinWorkerThread.java:157)
2020-06-08 03:20:55,034 ERROR [SoapUI] An error occurred [com.eviware.soapui.plugins.auto.factories.AutoDiscoveryMethodFactory], see error log for details
2020-06-08 03:20:55,038 ERROR [errorlog] java.lang.ClassNotFoundException: com.eviware.soapui.plugins.auto.factories.AutoDiscoveryMethodFactory
java.lang.ClassNotFoundException: com.eviware.soapui.plugins.auto.factories.AutoDiscoveryMethodFactory
	at org.codehaus.plexus.classworlds.strategy.SelfFirstStrategy.loadClass(SelfFirstStrategy.java:50)
	at org.codehaus.plexus.classworlds.realm.ClassRealm.unsynchronizedLoadClass(ClassRealm.java:271)
	at org.codehaus.plexus.classworlds.realm.ClassRealm.loadClass(ClassRealm.java:247)
	at org.codehaus.plexus.classworlds.realm.ClassRealm.loadClass(ClassRealm.java:239)
	at java.lang.Class.forName0(Native Method)
	at java.lang.Class.forName(Class.java:264)
	at com.eviware.soapui.plugins.LoaderBase.loadAutoFactories(LoaderBase.java:113)
	at com.eviware.soapui.plugins.LoaderBase.loadFactories(LoaderBase.java:80)
	at com.eviware.soapui.plugins.PluginLoader.loadPluginFactories(PluginLoader.java:141)
	at com.eviware.soapui.plugins.PluginLoader.loadPlugin(PluginLoader.java:104)
	at com.eviware.soapui.plugins.PluginLoader.loadPlugin(PluginLoader.java:54)
	at com.eviware.soapui.plugins.PluginManager.doInstallPlugin(PluginManager.java:141)
	at com.eviware.soapui.plugins.PluginManager.access$600(PluginManager.java:43)
	at com.eviware.soapui.plugins.PluginManager$LoadPluginsTask.computeSequentially(PluginManager.java:420)
	at com.eviware.soapui.plugins.PluginManager$LoadPluginsTask.compute(PluginManager.java:377)
	at com.eviware.soapui.plugins.PluginManager$LoadPluginsTask.compute(PluginManager.java:365)
	at java.util.concurrent.RecursiveTask.exec(RecursiveTask.java:94)
	at java.util.concurrent.ForkJoinTask.doExec(ForkJoinTask.java:289)
	at java.util.concurrent.ForkJoinPool$WorkQueue.runTask(ForkJoinPool.java:1056)
	at java.util.concurrent.ForkJoinPool.runWorker(ForkJoinPool.java:1692)
	at java.util.concurrent.ForkJoinWorkerThread.run(ForkJoinWorkerThread.java:157)
2020-06-08 03:20:55,168 INFO  [PluginManager] Adding plugin from [C:\Users\SamirVashista\.soapuios\plugins\readyapi-postman-1.0.1.jar]
2020-06-08 03:20:56,402 ERROR [SoapUI] An error occurred [com.eviware.soapui.plugins.auto.factories.AutoImportMethodFactory], see error log for details
2020-06-08 03:20:56,404 ERROR [errorlog] java.lang.ClassNotFoundException: com.eviware.soapui.plugins.auto.factories.AutoImportMethodFactory
java.lang.ClassNotFoundException: com.eviware.soapui.plugins.auto.factories.AutoImportMethodFactory
	at org.codehaus.plexus.classworlds.strategy.SelfFirstStrategy.loadClass(SelfFirstStrategy.java:50)
	at org.codehaus.plexus.classworlds.realm.ClassRealm.unsynchronizedLoadClass(ClassRealm.java:271)
	at org.codehaus.plexus.classworlds.realm.ClassRealm.loadClass(ClassRealm.java:247)
	at org.codehaus.plexus.classworlds.realm.ClassRealm.loadClass(ClassRealm.java:239)
	at java.lang.Class.forName0(Native Method)
	at java.lang.Class.forName(Class.java:264)
	at com.eviware.soapui.plugins.LoaderBase.loadAutoFactories(LoaderBase.java:113)
	at com.eviware.soapui.plugins.LoaderBase.loadFactories(LoaderBase.java:80)
	at com.eviware.soapui.plugins.PluginLoader.loadPluginFactories(PluginLoader.java:141)
	at com.eviware.soapui.plugins.PluginLoader.loadPlugin(PluginLoader.java:104)
	at com.eviware.soapui.plugins.PluginLoader.loadPlugin(PluginLoader.java:54)
	at com.eviware.soapui.plugins.PluginManager.doInstallPlugin(PluginManager.java:141)
	at com.eviware.soapui.plugins.PluginManager.access$600(PluginManager.java:43)
	at com.eviware.soapui.plugins.PluginManager$LoadPluginsTask.computeSequentially(PluginManager.java:420)
	at com.eviware.soapui.plugins.PluginManager$LoadPluginsTask.compute(PluginManager.java:377)
	at com.eviware.soapui.plugins.PluginManager$LoadPluginsTask.compute(PluginManager.java:365)
	at java.util.concurrent.RecursiveTask.exec(RecursiveTask.java:94)
	at java.util.concurrent.ForkJoinTask.doExec(ForkJoinTask.java:289)
	at java.util.concurrent.ForkJoinPool$WorkQueue.runTask(ForkJoinPool.java:1056)
	at java.util.concurrent.ForkJoinPool.runWorker(ForkJoinPool.java:1692)
	at java.util.concurrent.ForkJoinWorkerThread.run(ForkJoinWorkerThread.java:157)
2020-06-08 03:20:56,512 ERROR [SoapUI] An error occurred [com.eviware.soapui.plugins.auto.factories.AutoDiscoveryMethodFactory], see error log for details
2020-06-08 03:20:56,521 ERROR [errorlog] java.lang.ClassNotFoundException: com.eviware.soapui.plugins.auto.factories.AutoDiscoveryMethodFactory
java.lang.ClassNotFoundException: com.eviware.soapui.plugins.auto.factories.AutoDiscoveryMethodFactory
	at org.codehaus.plexus.classworlds.strategy.SelfFirstStrategy.loadClass(SelfFirstStrategy.java:50)
	at org.codehaus.plexus.classworlds.realm.ClassRealm.unsynchronizedLoadClass(ClassRealm.java:271)
	at org.codehaus.plexus.classworlds.realm.ClassRealm.loadClass(ClassRealm.java:247)
	at org.codehaus.plexus.classworlds.realm.ClassRealm.loadClass(ClassRealm.java:239)
	at java.lang.Class.forName0(Native Method)
	at java.lang.Class.forName(Class.java:264)
	at com.eviware.soapui.plugins.LoaderBase.loadAutoFactories(LoaderBase.java:113)
	at com.eviware.soapui.plugins.LoaderBase.loadFactories(LoaderBase.java:80)
	at com.eviware.soapui.plugins.PluginLoader.loadPluginFactories(PluginLoader.java:141)
	at com.eviware.soapui.plugins.PluginLoader.loadPlugin(PluginLoader.java:104)
	at com.eviware.soapui.plugins.PluginLoader.loadPlugin(PluginLoader.java:54)
	at com.eviware.soapui.plugins.PluginManager.doInstallPlugin(PluginManager.java:141)
	at com.eviware.soapui.plugins.PluginManager.access$600(PluginManager.java:43)
	at com.eviware.soapui.plugins.PluginManager$LoadPluginsTask.computeSequentially(PluginManager.java:420)
	at com.eviware.soapui.plugins.PluginManager$LoadPluginsTask.compute(PluginManager.java:377)
	at com.eviware.soapui.plugins.PluginManager$LoadPluginsTask.compute(PluginManager.java:365)
	at java.util.concurrent.RecursiveTask.exec(RecursiveTask.java:94)
	at java.util.concurrent.ForkJoinTask.doExec(ForkJoinTask.java:289)
	at java.util.concurrent.ForkJoinPool$WorkQueue.runTask(ForkJoinPool.java:1056)
	at java.util.concurrent.ForkJoinPool.runWorker(ForkJoinPool.java:1692)
	at java.util.concurrent.ForkJoinWorkerThread.run(ForkJoinWorkerThread.java:157)
2020-06-08 03:20:56,523 ERROR [SoapUI] An error occurred [com.eviware.soapui.plugins.auto.factories.AutoImportMethodFactory], see error log for details
2020-06-08 03:20:56,523 ERROR [errorlog] java.lang.ClassNotFoundException: com.eviware.soapui.plugins.auto.factories.AutoImportMethodFactory
java.lang.ClassNotFoundException: com.eviware.soapui.plugins.auto.factories.AutoImportMethodFactory
	at org.codehaus.plexus.classworlds.strategy.SelfFirstStrategy.loadClass(SelfFirstStrategy.java:50)
	at org.codehaus.plexus.classworlds.realm.ClassRealm.unsynchronizedLoadClass(ClassRealm.java:271)
	at org.codehaus.plexus.classworlds.realm.ClassRealm.loadClass(ClassRealm.java:247)
	at org.codehaus.plexus.classworlds.realm.ClassRealm.loadClass(ClassRealm.java:239)
	at java.lang.Class.forName0(Native Method)
	at java.lang.Class.forName(Class.java:264)
	at com.eviware.soapui.plugins.LoaderBase.loadAutoFactories(LoaderBase.java:113)
	at com.eviware.soapui.plugins.LoaderBase.loadFactories(LoaderBase.java:80)
	at com.eviware.soapui.plugins.PluginLoader.loadPluginFactories(PluginLoader.java:141)
	at com.eviware.soapui.plugins.PluginLoader.loadPlugin(PluginLoader.java:104)
	at com.eviware.soapui.plugins.PluginLoader.loadPlugin(PluginLoader.java:54)
	at com.eviware.soapui.plugins.PluginManager.doInstallPlugin(PluginManager.java:141)
	at com.eviware.soapui.plugins.PluginManager.access$600(PluginManager.java:43)
	at com.eviware.soapui.plugins.PluginManager$LoadPluginsTask.computeSequentially(PluginManager.java:420)
	at com.eviware.soapui.plugins.PluginManager$LoadPluginsTask.compute(PluginManager.java:377)
	at com.eviware.soapui.plugins.PluginManager$LoadPluginsTask.compute(PluginManager.java:382)
	at com.eviware.soapui.plugins.PluginManager$LoadPluginsTask.compute(PluginManager.java:365)
	at java.util.concurrent.RecursiveTask.exec(RecursiveTask.java:94)
	at java.util.concurrent.ForkJoinTask.doExec(ForkJoinTask.java:289)
	at java.util.concurrent.ForkJoinPool$WorkQueue.runTask(ForkJoinPool.java:1056)
	at java.util.concurrent.ForkJoinPool.runWorker(ForkJoinPool.java:1692)
	at java.util.concurrent.ForkJoinWorkerThread.run(ForkJoinWorkerThread.java:157)
2020-06-08 03:20:56,711 ERROR [SoapUI] An error occurred [com.eviware.soapui.plugins.auto.factories.AutoDiscoveryMethodFactory], see error log for details
2020-06-08 03:20:56,712 ERROR [errorlog] java.lang.ClassNotFoundException: com.eviware.soapui.plugins.auto.factories.AutoDiscoveryMethodFactory
java.lang.ClassNotFoundException: com.eviware.soapui.plugins.auto.factories.AutoDiscoveryMethodFactory
	at org.codehaus.plexus.classworlds.strategy.SelfFirstStrategy.loadClass(SelfFirstStrategy.java:50)
	at org.codehaus.plexus.classworlds.realm.ClassRealm.unsynchronizedLoadClass(ClassRealm.java:271)
	at org.codehaus.plexus.classworlds.realm.ClassRealm.loadClass(ClassRealm.java:247)
	at org.codehaus.plexus.classworlds.realm.ClassRealm.loadClass(ClassRealm.java:239)
	at java.lang.Class.forName0(Native Method)
	at java.lang.Class.forName(Class.java:264)
	at com.eviware.soapui.plugins.LoaderBase.loadAutoFactories(LoaderBase.java:113)
	at com.eviware.soapui.plugins.LoaderBase.loadFactories(LoaderBase.java:80)
	at com.eviware.soapui.plugins.PluginLoader.loadPluginFactories(PluginLoader.java:141)
	at com.eviware.soapui.plugins.PluginLoader.loadPlugin(PluginLoader.java:104)
	at com.eviware.soapui.plugins.PluginLoader.loadPlugin(PluginLoader.java:54)
	at com.eviware.soapui.plugins.PluginManager.doInstallPlugin(PluginManager.java:141)
	at com.eviware.soapui.plugins.PluginManager.access$600(PluginManager.java:43)
	at com.eviware.soapui.plugins.PluginManager$LoadPluginsTask.computeSequentially(PluginManager.java:420)
	at com.eviware.soapui.plugins.PluginManager$LoadPluginsTask.compute(PluginManager.java:377)
	at com.eviware.soapui.plugins.PluginManager$LoadPluginsTask.compute(PluginManager.java:382)
	at com.eviware.soapui.plugins.PluginManager$LoadPluginsTask.compute(PluginManager.java:365)
	at java.util.concurrent.RecursiveTask.exec(RecursiveTask.java:94)
	at java.util.concurrent.ForkJoinTask.doExec(ForkJoinTask.java:289)
	at java.util.concurrent.ForkJoinPool$WorkQueue.runTask(ForkJoinPool.java:1056)
	at java.util.concurrent.ForkJoinPool.runWorker(ForkJoinPool.java:1692)
	at java.util.concurrent.ForkJoinWorkerThread.run(ForkJoinWorkerThread.java:157)
2020-06-08 03:20:56,826 INFO  [PluginManager] Adding plugin from [C:\Users\SamirVashista\.soapuios\plugins\readyapi-swaggerhub-plugin-1.0.jar]
2020-06-08 03:20:58,129 ERROR [SoapUI] An error occurred [com.eviware.soapui.plugins.auto.factories.AutoImportMethodFactory], see error log for details
2020-06-08 03:20:58,129 ERROR [errorlog] java.lang.ClassNotFoundException: com.eviware.soapui.plugins.auto.factories.AutoImportMethodFactory
java.lang.ClassNotFoundException: com.eviware.soapui.plugins.auto.factories.AutoImportMethodFactory
	at org.codehaus.plexus.classworlds.strategy.SelfFirstStrategy.loadClass(SelfFirstStrategy.java:50)
	at org.codehaus.plexus.classworlds.realm.ClassRealm.unsynchronizedLoadClass(ClassRealm.java:271)
	at org.codehaus.plexus.classworlds.realm.ClassRealm.loadClass(ClassRealm.java:247)
	at org.codehaus.plexus.classworlds.realm.ClassRealm.loadClass(ClassRealm.java:239)
	at java.lang.Class.forName0(Native Method)
	at java.lang.Class.forName(Class.java:264)
	at com.eviware.soapui.plugins.LoaderBase.loadAutoFactories(LoaderBase.java:113)
	at com.eviware.soapui.plugins.LoaderBase.loadFactories(LoaderBase.java:80)
	at com.eviware.soapui.plugins.PluginLoader.loadPluginFactories(PluginLoader.java:141)
	at com.eviware.soapui.plugins.PluginLoader.loadPlugin(PluginLoader.java:104)
	at com.eviware.soapui.plugins.PluginLoader.loadPlugin(PluginLoader.java:54)
	at com.eviware.soapui.plugins.PluginManager.doInstallPlugin(PluginManager.java:141)
	at com.eviware.soapui.plugins.PluginManager.access$600(PluginManager.java:43)
	at com.eviware.soapui.plugins.PluginManager$LoadPluginsTask.computeSequentially(PluginManager.java:420)
	at com.eviware.soapui.plugins.PluginManager$LoadPluginsTask.compute(PluginManager.java:377)
	at com.eviware.soapui.plugins.PluginManager$LoadPluginsTask.compute(PluginManager.java:382)
	at com.eviware.soapui.plugins.PluginManager$LoadPluginsTask.compute(PluginManager.java:365)
	at java.util.concurrent.RecursiveTask.exec(RecursiveTask.java:94)
	at java.util.concurrent.ForkJoinTask.doExec(ForkJoinTask.java:289)
	at java.util.concurrent.ForkJoinPool$WorkQueue.runTask(ForkJoinPool.java:1056)
	at java.util.concurrent.ForkJoinPool.runWorker(ForkJoinPool.java:1692)
	at java.util.concurrent.ForkJoinWorkerThread.run(ForkJoinWorkerThread.java:157)
2020-06-08 03:20:58,228 ERROR [SoapUI] An error occurred [com.eviware.soapui.plugins.auto.factories.AutoDiscoveryMethodFactory], see error log for details
2020-06-08 03:20:58,229 ERROR [errorlog] java.lang.ClassNotFoundException: com.eviware.soapui.plugins.auto.factories.AutoDiscoveryMethodFactory
java.lang.ClassNotFoundException: com.eviware.soapui.plugins.auto.factories.AutoDiscoveryMethodFactory
	at org.codehaus.plexus.classworlds.strategy.SelfFirstStrategy.loadClass(SelfFirstStrategy.java:50)
	at org.codehaus.plexus.classworlds.realm.ClassRealm.unsynchronizedLoadClass(ClassRealm.java:271)
	at org.codehaus.plexus.classworlds.realm.ClassRealm.loadClass(ClassRealm.java:247)
	at org.codehaus.plexus.classworlds.realm.ClassRealm.loadClass(ClassRealm.java:239)
	at java.lang.Class.forName0(Native Method)
	at java.lang.Class.forName(Class.java:264)
	at com.eviware.soapui.plugins.LoaderBase.loadAutoFactories(LoaderBase.java:113)
	at com.eviware.soapui.plugins.LoaderBase.loadFactories(LoaderBase.java:80)
	at com.eviware.soapui.plugins.PluginLoader.loadPluginFactories(PluginLoader.java:141)
	at com.eviware.soapui.plugins.PluginLoader.loadPlugin(PluginLoader.java:104)
	at com.eviware.soapui.plugins.PluginLoader.loadPlugin(PluginLoader.java:54)
	at com.eviware.soapui.plugins.PluginManager.doInstallPlugin(PluginManager.java:141)
	at com.eviware.soapui.plugins.PluginManager.access$600(PluginManager.java:43)
	at com.eviware.soapui.plugins.PluginManager$LoadPluginsTask.computeSequentially(PluginManager.java:420)
	at com.eviware.soapui.plugins.PluginManager$LoadPluginsTask.compute(PluginManager.java:377)
	at com.eviware.soapui.plugins.PluginManager$LoadPluginsTask.compute(PluginManager.java:382)
	at com.eviware.soapui.plugins.PluginManager$LoadPluginsTask.compute(PluginManager.java:365)
	at java.util.concurrent.RecursiveTask.exec(RecursiveTask.java:94)
	at java.util.concurrent.ForkJoinTask.doExec(ForkJoinTask.java:289)
	at java.util.concurrent.ForkJoinPool$WorkQueue.runTask(ForkJoinPool.java:1056)
	at java.util.concurrent.ForkJoinPool.runWorker(ForkJoinPool.java:1692)
	at java.util.concurrent.ForkJoinWorkerThread.run(ForkJoinWorkerThread.java:157)
2020-06-08 03:20:58,322 INFO  [PluginManager] 5 plugins loaded in 5199 ms
2020-06-08 03:20:58,322 INFO  [DefaultSoapUICore] All plugins loaded
2020-06-08 03:21:00,164 INFO  [WsdlProject] Loaded project from [file:/C:/Users/SamirVashista/Desktop/Project/my-app/WSDL-soapui-project.xml]
2020-06-08 03:21:00,173 INFO  [SoapUITestCaseRunner] Running SoapUI tests in project [WSDL]
2020-06-08 03:21:00,175 INFO  [SoapUITestCaseRunner] Running Project [WSDL], runType = SEQUENTIAL
2020-06-08 03:21:00,502 INFO  [log]      !!!!!..........The Project Starts From Here..........!!!!!     
2020-06-08 03:21:00,525 INFO  [SoapUITestCaseRunner] Running SoapUI testcase [TC01]
2020-06-08 03:21:00,534 INFO  [SoapUITestCaseRunner] running step [Properties]
2020-06-08 03:21:00,597 INFO  [SoapUITestCaseRunner] running step [Save Customer By PT]
2020-06-08 03:21:00,909 INFO  [SoapUITestCaseRunner] running step [Save Customer]
2020-06-08 03:21:02,823 INFO  [SoapUITestCaseRunner] Assertion [SOAP Response] has status VALID
2020-06-08 03:21:02,824 INFO  [SoapUITestCaseRunner] running step [Get Customer by List]
2020-06-08 03:21:08,183 INFO  [SoapUITestCaseRunner] Assertion [SOAP Response] has status VALID
2020-06-08 03:21:08,184 INFO  [SoapUITestCaseRunner] running step [Get Customer ID by PT]
2020-06-08 03:21:08,196 INFO  [SoapUITestCaseRunner] running step [Get Customer by ID]
2020-06-08 03:21:08,862 INFO  [SoapUITestCaseRunner] Assertion [SOAP Response] has status VALID
2020-06-08 03:21:08,864 INFO  [SoapUITestCaseRunner] running step [Delete Customer with ID]
2020-06-08 03:21:08,908 INFO  [SoapUITestCaseRunner] running step [Delete Customer]
2020-06-08 03:21:09,823 INFO  [SoapUITestCaseRunner] Assertion [SOAP Response] has status VALID
2020-06-08 03:21:10,392 INFO  [SoapUITestCaseRunner] Finished running SoapUI testcase [TC01], time taken: 9238ms, status: FINISHED
2020-06-08 03:21:10,394 INFO  [SoapUITestCaseRunner] Running SoapUI testcase [TC02]
2020-06-08 03:21:10,394 INFO  [SoapUITestCaseRunner] running step [Properties]
2020-06-08 03:21:10,396 INFO  [SoapUITestCaseRunner] running step [Save Customer By PT]
2020-06-08 03:21:10,401 INFO  [SoapUITestCaseRunner] running step [Save Customer]
2020-06-08 03:21:11,563 INFO  [SoapUITestCaseRunner] Assertion [SOAP Response] has status VALID
2020-06-08 03:21:11,565 INFO  [SoapUITestCaseRunner] running step [CustomerID]
2020-06-08 03:21:11,596 INFO  [SoapUITestCaseRunner] running step [Get Customer by ID]
2020-06-08 03:21:12,491 INFO  [SoapUITestCaseRunner] Assertion [SOAP Response] has status VALID
2020-06-08 03:21:12,492 INFO  [SoapUITestCaseRunner] running step [Get ID]
2020-06-08 03:21:12,532 INFO  [SoapUITestCaseRunner] running step [Get Customer Address]
2020-06-08 03:21:13,407 INFO  [SoapUITestCaseRunner] Assertion [SOAP Response] has status VALID
2020-06-08 03:21:13,408 INFO  [SoapUITestCaseRunner] running step [Get Address ID]
2020-06-08 03:21:13,447 INFO  [SoapUITestCaseRunner] running step [Delete Address]
2020-06-08 03:21:14,623 INFO  [SchemaUtils] Added default schema from file:/C:/Users/SamirVashista/.m2/repository/com/smartbear/soapui/soapui/5.5.0/soapui-5.5.0.jar!/com/eviware/soapui/resources/xsds/xop.xsd with targetNamespace http://www.w3.org/2004/08/xop/include
2020-06-08 03:21:14,643 INFO  [SchemaUtils] Added default schema from file:/C:/Users/SamirVashista/.m2/repository/com/smartbear/soapui/soapui/5.5.0/soapui-5.5.0.jar!/com/eviware/soapui/resources/xsds/XMLSchema.xsd with targetNamespace http://www.w3.org/2001/XMLSchema
2020-06-08 03:21:14,648 INFO  [SchemaUtils] Added default schema from file:/C:/Users/SamirVashista/.m2/repository/com/smartbear/soapui/soapui/5.5.0/soapui-5.5.0.jar!/com/eviware/soapui/resources/xsds/xml.xsd with targetNamespace http://www.w3.org/XML/1998/namespace
2020-06-08 03:21:14,650 INFO  [SchemaUtils] Added default schema from file:/C:/Users/SamirVashista/.m2/repository/com/smartbear/soapui/soapui/5.5.0/soapui-5.5.0.jar!/com/eviware/soapui/resources/xsds/swaref.xsd with targetNamespace http://ws-i.org/profiles/basic/1.1/xsd
2020-06-08 03:21:14,656 INFO  [SchemaUtils] Added default schema from file:/C:/Users/SamirVashista/.m2/repository/com/smartbear/soapui/soapui/5.5.0/soapui-5.5.0.jar!/com/eviware/soapui/resources/xsds/xmime200505.xsd with targetNamespace http://www.w3.org/2005/05/xmlmime
2020-06-08 03:21:14,662 INFO  [SchemaUtils] Added default schema from file:/C:/Users/SamirVashista/.m2/repository/com/smartbear/soapui/soapui/5.5.0/soapui-5.5.0.jar!/com/eviware/soapui/resources/xsds/xmime200411.xsd with targetNamespace http://www.w3.org/2004/11/xmlmime
2020-06-08 03:21:14,668 INFO  [SchemaUtils] Added default schema from file:/C:/Users/SamirVashista/.m2/repository/com/smartbear/soapui/soapui/5.5.0/soapui-5.5.0.jar!/com/eviware/soapui/resources/xsds/soapEnvelope.xsd with targetNamespace http://schemas.xmlsoap.org/soap/envelope/
2020-06-08 03:21:14,672 INFO  [SchemaUtils] Added default schema from file:/C:/Users/SamirVashista/.m2/repository/com/smartbear/soapui/soapui/5.5.0/soapui-5.5.0.jar!/com/eviware/soapui/resources/xsds/soapEncoding.xsd with targetNamespace http://schemas.xmlsoap.org/soap/encoding/
2020-06-08 03:21:14,675 INFO  [SchemaUtils] Added default schema from file:/C:/Users/SamirVashista/.m2/repository/com/smartbear/soapui/soapui/5.5.0/soapui-5.5.0.jar!/com/eviware/soapui/resources/xsds/soapEnvelope12.xsd with targetNamespace http://www.w3.org/2003/05/soap-envelope
2020-06-08 03:21:14,680 INFO  [SchemaUtils] Added default schema from file:/C:/Users/SamirVashista/.m2/repository/com/smartbear/soapui/soapui/5.5.0/soapui-5.5.0.jar!/com/eviware/soapui/resources/xsds/soapEncoding12.xsd with targetNamespace http://www.w3.org/2003/05/soap-encoding
2020-06-08 03:21:14,684 INFO  [SchemaUtils] Loading schema types from [file:/C:/Users/SamirVashista/Downloads/Project/SOAP%20API%20WSDL%20EndPoints/customerAddressRepositoryV1.xml]
2020-06-08 03:21:14,686 INFO  [SchemaUtils] Getting schema file:/C:/Users/SamirVashista/Downloads/Project/SOAP%20API%20WSDL%20EndPoints/customerAddressRepositoryV1.xml
2020-06-08 03:21:14,919 INFO  [SoapUITestCaseRunner] Assertion [SOAP Response] has status VALID
2020-06-08 03:21:14,919 INFO  [SoapUITestCaseRunner] Assertion [Schema Compliance] has status VALID
2020-06-08 03:21:14,922 INFO  [SoapUITestCaseRunner] Assertion [Not SOAP Fault] has status VALID
2020-06-08 03:21:15,247 INFO  [SoapUITestCaseRunner] Finished running SoapUI testcase [TC02], time taken: 4480ms, status: FINISHED
2020-06-08 03:21:15,251 INFO  [SoapUITestCaseRunner] Running SoapUI testcase [TC07]
2020-06-08 03:21:15,251 INFO  [SoapUITestCaseRunner] running step [Product List]
2020-06-08 03:21:16,043 INFO  [SchemaUtils] Loading schema types from [file:/C:/Users/SamirVashista/Downloads/Project/SOAP%20API%20WSDL%20EndPoints/catalogProductTypeListV1.xml]
2020-06-08 03:21:16,047 INFO  [SchemaUtils] Getting schema file:/C:/Users/SamirVashista/Downloads/Project/SOAP%20API%20WSDL%20EndPoints/catalogProductTypeListV1.xml
2020-06-08 03:21:16,148 INFO  [SoapUITestCaseRunner] Assertion [SOAP Response] has status VALID
2020-06-08 03:21:16,148 INFO  [SoapUITestCaseRunner] Assertion [Schema Compliance] has status VALID
2020-06-08 03:21:16,149 INFO  [SoapUITestCaseRunner] Assertion [Not SOAP Fault] has status VALID
2020-06-08 03:21:16,224 INFO  [SoapUITestCaseRunner] Finished running SoapUI testcase [TC07], time taken: 894ms, status: FINISHED
2020-06-08 03:21:16,227 INFO  [SoapUITestCaseRunner] Running SoapUI testcase [TC08]
2020-06-08 03:21:16,227 INFO  [SoapUITestCaseRunner] running step [Script]
2020-06-08 03:21:16,870 INFO  [log] SKU00120
2020-06-08 03:21:16,871 INFO  [log] Bat
2020-06-08 03:21:18,252 INFO  [SchemaUtils] Loading schema types from [file:/C:/Users/SamirVashista/Downloads/Project/SOAP%20API%20WSDL%20EndPoints/catalogProductRepositoryV1.xml]
2020-06-08 03:21:18,258 INFO  [SchemaUtils] Getting schema file:/C:/Users/SamirVashista/Downloads/Project/SOAP%20API%20WSDL%20EndPoints/catalogProductRepositoryV1.xml
2020-06-08 03:21:18,458 WARN  [WsdlValidator] Missing matching Fault in wsdl for bindingOperation [catalogProductRepositoryV1Save]
2020-06-08 03:21:18,460 INFO  [log] SKU00121
2020-06-08 03:21:18,460 INFO  [log] Ball
2020-06-08 03:21:19,569 WARN  [WsdlValidator] Missing matching Fault in wsdl for bindingOperation [catalogProductRepositoryV1Save]
2020-06-08 03:21:19,588 INFO  [log] SKU00123
2020-06-08 03:21:19,589 INFO  [log] IPhone 10
2020-06-08 03:21:20,809 WARN  [WsdlValidator] Missing matching Fault in wsdl for bindingOperation [catalogProductRepositoryV1Save]
2020-06-08 03:21:20,821 INFO  [log] SKU00124
2020-06-08 03:21:20,822 INFO  [log] Galaxy X
2020-06-08 03:21:22,050 INFO  [log] SKU00125
2020-06-08 03:21:22,051 INFO  [log] Galaxy Pro
2020-06-08 03:21:23,163 INFO  [log] SKU00126
2020-06-08 03:21:23,164 INFO  [log] Books
2020-06-08 03:21:24,378 INFO  [SoapUITestCaseRunner] running step [Save Product]
2020-06-08 03:21:25,482 INFO  [SoapUITestCaseRunner] Assertion [SOAP Response] has status VALID
2020-06-08 03:21:25,482 INFO  [SoapUITestCaseRunner] Assertion [Schema Compliance] has status VALID
2020-06-08 03:21:25,490 INFO  [SoapUITestCaseRunner] Assertion [Not SOAP Fault] has status VALID
2020-06-08 03:21:25,646 INFO  [SoapUITestCaseRunner] Finished running SoapUI testcase [TC08], time taken: 9250ms, status: FINISHED
2020-06-08 03:21:25,648 INFO  [SoapUITestCaseRunner] Running SoapUI testcase [TC09]
2020-06-08 03:21:25,648 INFO  [SoapUITestCaseRunner] running step [Get Product]
2020-06-08 03:21:26,866 INFO  [SoapUITestCaseRunner] Assertion [SOAP Response] has status VALID
2020-06-08 03:21:26,866 INFO  [SoapUITestCaseRunner] Assertion [Schema Compliance] has status VALID
2020-06-08 03:21:26,870 INFO  [SoapUITestCaseRunner] Assertion [Not SOAP Fault] has status VALID
2020-06-08 03:21:26,924 INFO  [SoapUITestCaseRunner] Finished running SoapUI testcase [TC09], time taken: 1215ms, status: FINISHED
2020-06-08 03:21:26,926 INFO  [SoapUITestCaseRunner] Running SoapUI testcase [TC10]
2020-06-08 03:21:26,928 INFO  [SoapUITestCaseRunner] running step [JDBC Request]
2020-06-08 03:21:27,028 INFO  [log] SKU00120
2020-06-08 03:21:27,029 INFO  [log] Bat
2020-06-08 03:21:27,032 INFO  [log] SKU00121
2020-06-08 03:21:27,034 INFO  [log] Ball
2020-06-08 03:21:27,036 INFO  [log] SKU00123
2020-06-08 03:21:27,036 INFO  [log] IPhone 10
2020-06-08 03:21:27,039 INFO  [log] SKU00124
2020-06-08 03:21:27,039 INFO  [log] Galaxy X
2020-06-08 03:21:27,042 INFO  [log] SKU00125
2020-06-08 03:21:27,042 INFO  [log] Galaxy Pro
2020-06-08 03:21:27,046 INFO  [log] SKU00126
2020-06-08 03:21:27,046 INFO  [log] Books
2020-06-08 03:21:27,048 INFO  [SoapUITestCaseRunner] Assertion [Script Assertion] has status VALID
2020-06-08 03:21:27,048 INFO  [SoapUITestCaseRunner] running step [Save Product]
2020-06-08 03:21:28,181 INFO  [SoapUITestCaseRunner] Assertion [SOAP Response] has status VALID
2020-06-08 03:21:28,185 INFO  [SoapUITestCaseRunner] Assertion [Schema Compliance] has status VALID
2020-06-08 03:21:28,203 INFO  [SoapUITestCaseRunner] Assertion [Not SOAP Fault] has status VALID
2020-06-08 03:21:28,210 INFO  [SoapUITestCaseRunner] running step [SKU Details]
2020-06-08 03:21:28,258 INFO  [SoapUITestCaseRunner] running step [Product By ID]
2020-06-08 03:21:29,070 INFO  [SoapUITestCaseRunner] Assertion [SOAP Response] has status VALID
2020-06-08 03:21:29,071 INFO  [SoapUITestCaseRunner] Assertion [Schema Compliance] has status VALID
2020-06-08 03:21:29,082 INFO  [SoapUITestCaseRunner] Assertion [Not SOAP Fault] has status VALID
2020-06-08 03:21:29,211 INFO  [SoapUITestCaseRunner] Finished running SoapUI testcase [TC10], time taken: 2031ms, status: FINISHED
2020-06-08 03:21:29,213 INFO  [SoapUITestCaseRunner] Running SoapUI testcase [TC11]
2020-06-08 03:21:29,213 INFO  [SoapUITestCaseRunner] running step [Get Product]
2020-06-08 03:21:30,446 INFO  [SoapUITestCaseRunner] Assertion [SOAP Response] has status VALID
2020-06-08 03:21:30,447 INFO  [SoapUITestCaseRunner] Assertion [Schema Compliance] has status VALID
2020-06-08 03:21:30,449 INFO  [SoapUITestCaseRunner] Assertion [Not SOAP Fault] has status VALID
2020-06-08 03:21:30,454 INFO  [SoapUITestCaseRunner] running step [SKU Details]
2020-06-08 03:21:30,470 INFO  [SoapUITestCaseRunner] running step [Delete Product]
2020-06-08 03:21:31,538 INFO  [SoapUITestCaseRunner] Assertion [SOAP Response] has status VALID
2020-06-08 03:21:31,539 INFO  [SoapUITestCaseRunner] Assertion [Schema Compliance] has status VALID
2020-06-08 03:21:31,546 INFO  [SoapUITestCaseRunner] Assertion [Not SOAP Fault] has status VALID
2020-06-08 03:21:31,833 INFO  [SoapUITestCaseRunner] Finished running SoapUI testcase [TC11], time taken: 2309ms, status: FINISHED
2020-06-08 03:21:31,839 INFO  [SoapUITestCaseRunner] Running SoapUI testcase [TC12]
2020-06-08 03:21:31,841 INFO  [SoapUITestCaseRunner] running step [Script]
2020-06-08 03:21:32,678 INFO  [log] Samir${=String.valueOf(Math.random()*1000).substring(0,5)}@gmail.com
2020-06-08 03:21:32,681 INFO  [log] SKU${=String.valueOf(Math.random()*1000).substring(0,5)}
2020-06-08 03:21:34,171 INFO  [log] The totoal number of rows which contains data are 1
2020-06-08 03:21:34,171 INFO  [log] The totoal number of Column which contains data are 3
2020-06-08 03:21:34,174 INFO  [log] Samir${=String.valueOf(Math.random()*1000).substring(0,5)}@gmail.com
2020-06-08 03:21:34,177 INFO  [log] SKU${=String.valueOf(Math.random()*1000).substring(0,5)}
2020-06-08 03:21:34,178 INFO  [SoapUITestCaseRunner] running step [Save Order]
2020-06-08 03:21:35,396 INFO  [log] The totoal number of rows which contains data are 1
2020-06-08 03:21:35,396 INFO  [log] The totoal number of Column which contains data are 3
2020-06-08 03:21:35,399 INFO  [log] Samir${=String.valueOf(Math.random()*1000).substring(0,5)}@gmail.com
2020-06-08 03:21:35,402 INFO  [log] SKU${=String.valueOf(Math.random()*1000).substring(0,5)}
2020-06-08 03:21:35,403 INFO  [SoapUITestCaseRunner] Assertion [SOAP Response] has status VALID
2020-06-08 03:21:35,404 INFO  [SoapUITestCaseRunner] Assertion [Not SOAP Fault] has status VALID
2020-06-08 03:21:35,406 INFO  [SoapUITestCaseRunner] Assertion [Script Assertion] has status VALID
2020-06-08 03:21:35,529 INFO  [SoapUITestCaseRunner] Finished running SoapUI testcase [TC12], time taken: 3557ms, status: FINISHED
2020-06-08 03:21:35,532 INFO  [SoapUITestCaseRunner] Running SoapUI testcase [TC13]
2020-06-08 03:21:35,533 INFO  [SoapUITestCaseRunner] running step [Order List]
2020-06-08 03:21:57,146 INFO  [SoapUITestCaseRunner] Assertion [SOAP Response] has status VALID
2020-06-08 03:21:57,147 INFO  [SoapUITestCaseRunner] Assertion [Not SOAP Fault] has status VALID
2020-06-08 03:21:57,231 INFO  [SoapUITestCaseRunner] Finished running SoapUI testcase [TC13], time taken: 21607ms, status: FINISHED
2020-06-08 03:21:57,233 INFO  [SoapUITestCaseRunner] Running SoapUI testcase [TC14]
2020-06-08 03:21:57,233 INFO  [SoapUITestCaseRunner] running step [Script]
2020-06-08 03:21:57,568 INFO  [log] Samir${=String.valueOf(Math.random()*1000).substring(0,5)}@gmail.com
2020-06-08 03:21:57,568 INFO  [log] SKU${=String.valueOf(Math.random()*1000).substring(0,5)}
2020-06-08 03:21:59,421 INFO  [log] The totoal number of rows which contains data are 1
2020-06-08 03:21:59,421 INFO  [log] The totoal number of Column which contains data are 3
2020-06-08 03:21:59,424 INFO  [log] Samir${=String.valueOf(Math.random()*1000).substring(0,5)}@gmail.com
2020-06-08 03:21:59,426 INFO  [log] SKU${=String.valueOf(Math.random()*1000).substring(0,5)}
2020-06-08 03:21:59,429 INFO  [SoapUITestCaseRunner] running step [Save Order]
2020-06-08 03:22:00,805 INFO  [log] The totoal number of rows which contains data are 1
2020-06-08 03:22:00,807 INFO  [log] The totoal number of Column which contains data are 3
2020-06-08 03:22:00,809 INFO  [log] Samir${=String.valueOf(Math.random()*1000).substring(0,5)}@gmail.com
2020-06-08 03:22:00,813 INFO  [log] SKU${=String.valueOf(Math.random()*1000).substring(0,5)}
2020-06-08 03:22:00,815 INFO  [SoapUITestCaseRunner] Assertion [SOAP Response] has status VALID
2020-06-08 03:22:00,817 INFO  [SoapUITestCaseRunner] Assertion [Not SOAP Fault] has status VALID
2020-06-08 03:22:00,819 INFO  [SoapUITestCaseRunner] Assertion [Script Assertion] has status VALID
2020-06-08 03:22:00,820 INFO  [SoapUITestCaseRunner] running step [Properties]
2020-06-08 03:22:00,824 INFO  [SoapUITestCaseRunner] running step [Property Transfer ID]
2020-06-08 03:22:00,827 INFO  [SoapUITestCaseRunner] running step [Order By ID]
2020-06-08 03:22:01,645 INFO  [SoapUITestCaseRunner] Assertion [SOAP Response] has status VALID
2020-06-08 03:22:01,649 INFO  [SoapUITestCaseRunner] Assertion [Not SOAP Fault] has status VALID
2020-06-08 03:22:01,994 INFO  [SoapUITestCaseRunner] Finished running SoapUI testcase [TC14], time taken: 4397ms, status: FINISHED
2020-06-08 03:22:02,021 INFO  [log]      !!!!!..........The Project Ends Here..........!!!!!     
2020-06-08 03:22:02,023 INFO  [SoapUITestCaseRunner] Project [WSDL] finished with status [FINISHED] in 61842ms
2020-06-08 03:22:06,399 WARN  [Tools] Could not delete temporary directory C:\Users\SAMIRV~1\AppData\Local\Temp\0f2d1fcb-c1c3-4d0c-8932-ab7775fceb1c
2020-06-08 03:22:06,409 WARN  [Tools] Could not delete temporary directory C:\Users\SAMIRV~1\AppData\Local\Temp\8e241de2-7d54-4d80-8368-0afb250a34ff
